<?xml version="1.0" encoding="UTF-8"?>
<testng-results ignored="0" total="1" passed="1" failed="0" skipped="0">
  <reporter-output>
  </reporter-output>
  <suite started-at="2021-01-15T17:29:07 IST" name="E2E Suite" finished-at="2021-01-15T17:29:40 IST" duration-ms="32740">
    <groups>
    </groups>
    <test started-at="2021-01-15T17:29:07 IST" name="E2E Test" finished-at="2021-01-15T17:29:40 IST" duration-ms="32740">
      <class name="com.github.automatedowl.examples.tests.WebHostTests">
        <test-method is-config="true" signature="setTestConfiguration()[pri:0, instance:com.github.automatedowl.examples.tests.WebHostTests@6a2b953e]" started-at="2021-01-15T17:29:07 IST" name="setTestConfiguration" finished-at="2021-01-15T17:29:20 IST" duration-ms="12320" status="PASS">
          <reporter-output>
          </reporter-output>
        </test-method> <!-- setTestConfiguration -->
        <test-method signature="site88Test()[pri:0, instance:com.github.automatedowl.examples.tests.WebHostTests@6a2b953e]" started-at="2021-01-15T17:29:20 IST" name="site88Test" finished-at="2021-01-15T17:29:32 IST" duration-ms="11942" status="PASS">
          <reporter-output>
          </reporter-output>
        </test-method> <!-- site88Test -->
        <test-method is-config="true" signature="closeBrowser()[pri:0, instance:com.github.automatedowl.examples.tests.WebHostTests@6a2b953e]" started-at="2021-01-15T17:29:32 IST" name="closeBrowser" finished-at="2021-01-15T17:29:40 IST" duration-ms="7877" status="PASS">
          <reporter-output>
          </reporter-output>
        </test-method> <!-- closeBrowser -->
      </class> <!-- com.github.automatedowl.examples.tests.WebHostTests -->
    </test> <!-- E2E Test -->
  </suite> <!-- E2E Suite -->
</testng-results>
